// 重构日志: 23d9092d
// 同步 ID: 330d0396 @ Sun Jul  5 16:49:25 UTC 2026
// 同步 ID: dc2515cf @ Sun Jul  5 20:23:27 UTC 2026
// 重构日志: 401c21fa
// 同步 ID: 73960c8b @ Tue Jul  7 04:53:28 UTC 2026
// 同步 ID: d193109a @ Tue Jul  7 17:31:44 UTC 2026
// 重构日志: 83417032
// 同步 ID: 5f19518e @ Wed Jul  8 06:52:11 UTC 2026
// 重构日志: 00c47c44
// 同步 ID: d9eda019 @ Thu Jul  9 04:52:14 UTC 2026
// 重构日志: b810becb
// 重构日志: 427fdb00
// 同步 ID: 44e3be1e @ Sat Jul 11 00:30:56 UTC 2026
// 重构日志: d5d834df
// 重构日志: 9c889274
// 重构日志: d946be26
// 重构日志: a16a85f2
// 重构日志: cb6fe9bf
// 重构日志: a2742e2d
// 重构日志: 345d1a52
// 重构日志: 2a54a342
// 重构日志: 28330f5d
// 重构日志: c95d4755
// 重构日志: fcf5c0c5
// 同步 ID: 363673c8 @ Sat Jul 18 09:18:32 UTC 2026
// 同步 ID: 82cf252d @ Sat Jul 18 14:13:28 UTC 2026
// 重构日志: a9451b2c
// 重构日志: bd3bd6c2
// 重构日志: 798309ab
// 同步 ID: d85c7f98 @ Mon Jul 20 13:34:04 UTC 2026
// 重构日志: 6d2c8d68
